<?xml version="1.0" encoding="UTF-8"?>
<testsuite xmlns:xsi="http://www.w3.org/2001/XMLSchema-instance" xsi:noNamespaceSchemaLocation="https://maven.apache.org/surefire/maven-surefire-plugin/xsd/surefire-test-report-3.0.xsd" version="3.0" name="TestSuite" time="33.134" tests="4" errors="0" skipped="0" failures="0">
  <properties>
[...]
</properties>
  <testcase name="Login" classname="org.selenium.pom.tests.MyLoginPageTest" time="7.713">
    <system-out><![CDATA[Current Thread15,Driver=ChromeDriver: chrome on WINDOWS (d422a6094566b21c6967fd723acc91d1)
Current Thread17,Driver=ChromeDriver: chrome on WINDOWS (29b954d7ac733c4773f388a15cc90ff0)
Current Thread16,Driver=ChromeDriver: chrome on WINDOWS (7e3346e635b58e54f3e18d8547e36954)
Current Thread18,Driver=ChromeDriver: chrome on WINDOWS (7e5b0c0373ccb6ce40db20e8fa3fe61a)
]]></system-out>
    <system-err><![CDATA[SLF4J: Failed to load class "org.slf4j.impl.StaticLoggerBinder".
SLF4J: Defaulting to no-operation (NOP) logger implementation
SLF4J: See http://www.slf4j.org/codes.html#StaticLoggerBinder for further details.
Starting ChromeDriver 96.0.4664.45 (76e4c1bb2ab4671b8beba3444e61c0f17584b2fc-refs/branch-heads/4664@{#947}) on port 60778
Only local connections are allowed.
Please see https://chromedriver.chromium.org/security-considerations for suggestions on keeping ChromeDriver safe.
ChromeDriver was started successfully.
Starting ChromeDriver 96.0.4664.45 (76e4c1bb2ab4671b8beba3444e61c0f17584b2fc-refs/branch-heads/4664@{#947}) on port 56022
Only local connections are allowed.
Please see https://chromedriver.Stcarhtrionmgi uCmh.roormge/Dsreicvuerrit y9-6c.o0n.s4i6d6e4ra.t4i5o (ns 7f6oer4 cs1ubgbg2easbt4i6on71sb 8obne bkeae3p4in4g4e 61Chcr0ofm1e7D5r8i4vbe2rf cs-arfeef.s
/branch-heads/4664@{#947}) on port 58001
Only local connections are allowed.
Please see https://chromedriver.chromium.org/security-considerations for suggestions on keeping ChromeDriver safe.
ChromeDriver was started successfully.
ChromeDriver was started successfully.
Starting ChromeDriver 96.0.4664.45 (76e4c1bb2ab4671b8beba3444e61c0f17584b2fc-refs/branch-heads/4664@{#947}) on port 63859
Only local connections are allowed.
Please see https://chromedriver.chromium.org/security-considerations for suggestions on keeping ChromeDriver safe.
ChromeDriver was started successfully.
Dec 17, 2021 3:10:31 PM org.openqa.selenium.remote.ProtocolHandshake createSession
INFO: Detected dialect: W3C
Dec 17, 2021 3:10:31 PM org.openqa.selenium.remote.ProtocolHandshake createSession
INFO: Detected dialect: W3C
Dec 17, 2021 3:10:31 PM org.openqa.selenium.remote.ProtocolHandshake createSession
INFO: Detected dialect: W3C
Dec 17, 2021 3:10:31 PM org.openqa.selenium.devtools.CdpVersionFinder findNearestMatch
WARNING: Unable to find an exact match for CDP version 96, so returning the closest version found: 95
Dec 17, 2021 3:10:31 PM org.openqa.selenium.devtools.CdpVersionFinder findNearestMatch
INFO: Found CDP implementation for version 96 of 95
Dec 17, 2021 3:10:31 PM org.openqa.selenium.devtools.CdpVersionFinder findNearestMatch
WARNING: Unable to find an exact match for CDP version 96, so returning the closest version found: 95
Dec 17, 2021 3:10:31 PM org.openqa.selenium.devtools.CdpVersionFinder findNearestMatch
INFO: Found CDP implementation for version 96 of 95
Dec 17, 2021 3:10:31 PM org.openqa.selenium.devtools.CdpVersionFinder findNearestMatch
WARNING: Unable to find an exact match for CDP version 96, so returning the closest version found: 95
Dec 17, 2021 3:10:31 PM org.openqa.selenium.devtools.CdpVersionFinder findNearestMatch
INFO: Found CDP implementation for version 96 of 95
Dec 17, 2021 3:10:32 PM org.openqa.selenium.remote.ProtocolHandshake createSession
INFO: Detected dialect: W3C
Dec 17, 2021 3:10:32 PM org.openqa.selenium.devtools.CdpVersionFinder findNearestMatch
WARNING: Unable to find an exact match for CDP version 96, so returning the closest version found: 95
Dec 17, 2021 3:10:32 PM org.openqa.selenium.devtools.CdpVersionFinder findNearestMatch
INFO: Found CDP implementation for version 96 of 95
]]></system-err>
  </testcase>
  <testcase name="Login" classname="org.selenium.pom.tests.MyLoginPageTest" time="7.808">
    <system-out><![CDATA[Current Thread15,Driver=ChromeDriver: chrome on WINDOWS (d422a6094566b21c6967fd723acc91d1)
]]></system-out>
  </testcase>
  <testcase name="Reset" classname="org.selenium.pom.tests.MyLoginPageTest" time="21.688">
    <system-out><![CDATA[Current Thread16,Driver=ChromeDriver: chrome on WINDOWS (7e3346e635b58e54f3e18d8547e36954)
]]></system-out>
  </testcase>
  <testcase name="Reset" classname="org.selenium.pom.tests.MyLoginPageTest" time="23.486">
    <system-out><![CDATA[Current Thread17,Driver=ChromeDriver: chrome on WINDOWS (29b954d7ac733c4773f388a15cc90ff0)
]]></system-out>
  </testcase>
</testsuite>